# JRE version: Java(TM) SE Runtime Environment (9.0+11) (build 9.0.4+11)
# Java VM: Java HotSpot(TM) 64-Bit Server VM (9.0.4+11, mixed mode, tiered, compressed oops, g1 gc, windows-amd64)
Heap:
 garbage-first heap   total 189440K, used 103627K [0x0000000700000000, 0x00000007001005c8, 0x00000007c0000000)
  region size 1024K, 25 young (25600K), 4 survivors (4096K)
 Metaspace       used 84754K, capacity 89825K, committed 89980K, reserved 1126400K
  class space    used 12270K, capacity 13150K, committed 13180K, reserved 1048576K
GC Heap History (10 events):
Event: 2585.373 GC heap before
{Heap before GC invocations=115 (full 4):
 garbage-first heap   total 189440K, used 140600K [0x0000000700000000, 0x00000007001005c8, 0x00000007c0000000)
  region size 1024K, 60 young (61440K), 2 survivors (2048K)
 Metaspace       used 84182K, capacity 89039K, committed 89084K, reserved 1126400K
  class space    used 12189K, capacity 13027K, committed 13052K, reserved 1048576K
}
Event: 2585.378 GC heap after
{Heap after GC invocations=116 (full 4):
 garbage-first heap   total 189440K, used 82478K [0x0000000700000000, 0x00000007001005c8, 0x00000007c0000000)
  region size 1024K, 4 young (4096K), 4 survivors (4096K)
 Metaspace       used 84182K, capacity 89039K, committed 89084K, reserved 1126400K
  class space    used 12189K, capacity 13027K, committed 13052K, reserved 1048576K
}
Event: 2585.679 GC heap before
{Heap before GC invocations=116 (full 4):
 garbage-first heap   total 189440K, used 139822K [0x0000000700000000, 0x00000007001005c8, 0x00000007c0000000)
  region size 1024K, 60 young (61440K), 4 survivors (4096K)
 Metaspace       used 84403K, capacity 89269K, committed 89468K, reserved 1126400K
  class space    used 12202K, capacity 13060K, committed 13180K, reserved 1048576K
}
Event: 2585.684 GC heap after
{Heap after GC invocations=117 (full 4):
 garbage-first heap   total 189440K, used 82744K [0x0000000700000000, 0x00000007001005c8, 0x00000007c0000000)
  region size 1024K, 4 young (4096K), 4 survivors (4096K)
 Metaspace       used 84403K, capacity 89269K, committed 89468K, reserved 1126400K
  class space    used 12202K, capacity 13060K, committed 13180K, reserved 1048576K
}
Event: 2594.819 GC heap before
{Heap before GC invocations=117 (full 4):
 garbage-first heap   total 189440K, used 140088K [0x0000000700000000, 0x00000007001005c8, 0x00000007c0000000)
  region size 1024K, 60 young (61440K), 4 survivors (4096K)
 Metaspace       used 84705K, capacity 89761K, committed 89980K, reserved 1126400K
  class space    used 12261K, capacity 13150K, committed 13180K, reserved 1048576K
}
Event: 2594.823 GC heap after
{Heap after GC invocations=118 (full 4):
 garbage-first heap   total 189440K, used 83085K [0x0000000700000000, 0x00000007001005c8, 0x00000007c0000000)
  region size 1024K, 4 young (4096K), 4 survivors (4096K)
 Metaspace       used 84705K, capacity 89761K, committed 89980K, reserved 1126400K
  class space    used 12261K, capacity 13150K, committed 13180K, reserved 1048576K
}
Event: 2671.907 GC heap before
{Heap before GC invocations=118 (full 4):
 garbage-first heap   total 189440K, used 140429K [0x0000000700000000, 0x00000007001005c8, 0x00000007c0000000)
  region size 1024K, 60 young (61440K), 4 survivors (4096K)
 Metaspace       used 84721K, capacity 89761K, committed 89980K, reserved 1126400K
  class space    used 12261K, capacity 13150K, committed 13180K, reserved 1048576K
}
Event: 2671.936 GC heap after
{Heap after GC invocations=119 (full 4):
 garbage-first heap   total 189440K, used 83031K [0x0000000700000000, 0x00000007001005c8, 0x00000007c0000000)
  region size 1024K, 4 young (4096K), 4 survivors (4096K)
 Metaspace       used 84721K, capacity 89761K, committed 89980K, reserved 1126400K
  class space    used 12261K, capacity 13150K, committed 13180K, reserved 1048576K
}
Event: 2711.381 GC heap before
{Heap before GC invocations=119 (full 4):
 garbage-first heap   total 189440K, used 140375K [0x0000000700000000, 0x00000007001005c8, 0x00000007c0000000)
  region size 1024K, 60 young (61440K), 4 survivors (4096K)
 Metaspace       used 84733K, capacity 89825K, committed 89980K, reserved 1126400K
  class space    used 12262K, capacity 13150K, committed 13180K, reserved 1048576K
}
Event: 2711.388 GC heap after
{Heap after GC invocations=120 (full 4):
 garbage-first heap   total 189440K, used 83147K [0x0000000700000000, 0x00000007001005c8, 0x00000007c0000000)
  region size 1024K, 4 young (4096K), 4 survivors (4096K)
 Metaspace       used 84733K, capacity 89825K, committed 89980K, reserved 1126400K
  class space    used 12262K, capacity 13150K, committed 13180K, reserved 1048576K
}

